<?xml version="1.0" encoding="UTF-8"?>
<testng-results ignored="0" total="4" passed="4" failed="0" skipped="0">
  <reporter-output>
  </reporter-output>
  <suite started-at="2024-03-08T15:37:16 EST" name="Default suite" finished-at="2024-03-08T15:38:53 EST" duration-ms="97220">
    <groups>
    </groups>
    <test started-at="2024-03-08T15:37:16 EST" name="Default test" finished-at="2024-03-08T15:38:53 EST" duration-ms="97220">
      <class name="com.crm.qa.testcases.ContactsPageTest">
        <test-method is-config="true" signature="setUp()[pri:0, instance:com.crm.qa.testcases.ContactsPageTest@4f80542f]" started-at="2024-03-08T15:37:16 EST" name="setUp" finished-at="2024-03-08T15:37:34 EST" duration-ms="18356" status="PASS">
          <reporter-output>
          </reporter-output>
        </test-method> <!-- setUp -->
        <test-method signature="verifyContactsPageLabelTest()[pri:1, instance:com.crm.qa.testcases.ContactsPageTest@4f80542f]" started-at="2024-03-08T15:37:34 EST" name="verifyContactsPageLabelTest" finished-at="2024-03-08T15:37:38 EST" duration-ms="3210" status="PASS">
          <reporter-output>
          </reporter-output>
        </test-method> <!-- verifyContactsPageLabelTest -->
        <test-method is-config="true" signature="tearDown()[pri:0, instance:com.crm.qa.testcases.ContactsPageTest@4f80542f]" started-at="2024-03-08T15:37:38 EST" name="tearDown" finished-at="2024-03-08T15:37:38 EST" duration-ms="110" status="PASS">
          <reporter-output>
          </reporter-output>
        </test-method> <!-- tearDown -->
        <test-method is-config="true" signature="setUp()[pri:0, instance:com.crm.qa.testcases.ContactsPageTest@4f80542f]" started-at="2024-03-08T15:37:38 EST" name="setUp" finished-at="2024-03-08T15:37:59 EST" duration-ms="20708" status="PASS">
          <reporter-output>
          </reporter-output>
        </test-method> <!-- setUp -->
        <test-method signature="validateCreateNewContact(java.lang.String,java.lang.String,java.lang.String)[pri:2, instance:com.crm.qa.testcases.ContactsPageTest@4f80542f]" started-at="2024-03-08T15:37:59 EST" name="validateCreateNewContact" data-provider="getCRMTestData" finished-at="2024-03-08T15:38:05 EST" duration-ms="5671" status="PASS">
          <params>
            <param index="0">
              <value>
                <![CDATA[Mr.]]>
              </value>
            </param>
            <param index="1">
              <value>
                <![CDATA[Tom]]>
              </value>
            </param>
            <param index="2">
              <value>
                <![CDATA[Peter]]>
              </value>
            </param>
          </params>
          <reporter-output>
          </reporter-output>
        </test-method> <!-- validateCreateNewContact -->
        <test-method is-config="true" signature="tearDown()[pri:0, instance:com.crm.qa.testcases.ContactsPageTest@4f80542f]" started-at="2024-03-08T15:38:05 EST" name="tearDown" finished-at="2024-03-08T15:38:05 EST" duration-ms="101" status="PASS">
          <reporter-output>
          </reporter-output>
        </test-method> <!-- tearDown -->
        <test-method is-config="true" signature="setUp()[pri:0, instance:com.crm.qa.testcases.ContactsPageTest@4f80542f]" started-at="2024-03-08T15:38:05 EST" name="setUp" finished-at="2024-03-08T15:38:26 EST" duration-ms="21573" status="PASS">
          <reporter-output>
          </reporter-output>
        </test-method> <!-- setUp -->
        <test-method signature="validateCreateNewContact(java.lang.String,java.lang.String,java.lang.String)[pri:2, instance:com.crm.qa.testcases.ContactsPageTest@4f80542f]" started-at="2024-03-08T15:38:26 EST" name="validateCreateNewContact" data-provider="getCRMTestData" finished-at="2024-03-08T15:38:32 EST" duration-ms="5498" status="PASS">
          <params>
            <param index="0">
              <value>
                <![CDATA[Dr.]]>
              </value>
            </param>
            <param index="1">
              <value>
                <![CDATA[David]]>
              </value>
            </param>
            <param index="2">
              <value>
                <![CDATA[Cris]]>
              </value>
            </param>
          </params>
          <reporter-output>
          </reporter-output>
        </test-method> <!-- validateCreateNewContact -->
        <test-method is-config="true" signature="tearDown()[pri:0, instance:com.crm.qa.testcases.ContactsPageTest@4f80542f]" started-at="2024-03-08T15:38:32 EST" name="tearDown" finished-at="2024-03-08T15:38:32 EST" duration-ms="107" status="PASS">
          <reporter-output>
          </reporter-output>
        </test-method> <!-- tearDown -->
        <test-method is-config="true" signature="setUp()[pri:0, instance:com.crm.qa.testcases.ContactsPageTest@4f80542f]" started-at="2024-03-08T15:38:32 EST" name="setUp" finished-at="2024-03-08T15:38:49 EST" duration-ms="16897" status="PASS">
          <reporter-output>
          </reporter-output>
        </test-method> <!-- setUp -->
        <test-method signature="validateCreateNewContact(java.lang.String,java.lang.String,java.lang.String)[pri:2, instance:com.crm.qa.testcases.ContactsPageTest@4f80542f]" started-at="2024-03-08T15:38:49 EST" name="validateCreateNewContact" data-provider="getCRMTestData" finished-at="2024-03-08T15:38:53 EST" duration-ms="4280" status="PASS">
          <params>
            <param index="0">
              <value>
                <![CDATA[Mrs.]]>
              </value>
            </param>
            <param index="1">
              <value>
                <![CDATA[mary]]>
              </value>
            </param>
            <param index="2">
              <value>
                <![CDATA[peter]]>
              </value>
            </param>
          </params>
          <reporter-output>
          </reporter-output>
        </test-method> <!-- validateCreateNewContact -->
        <test-method is-config="true" signature="tearDown()[pri:0, instance:com.crm.qa.testcases.ContactsPageTest@4f80542f]" started-at="2024-03-08T15:38:53 EST" name="tearDown" finished-at="2024-03-08T15:38:53 EST" duration-ms="92" status="PASS">
          <reporter-output>
          </reporter-output>
        </test-method> <!-- tearDown -->
      </class> <!-- com.crm.qa.testcases.ContactsPageTest -->
    </test> <!-- Default test -->
  </suite> <!-- Default suite -->
</testng-results>
